mode: set
session-14/repository/report.go:20.59,24.2 1 1
session-14/repository/report.go:26.87,34.16 3 1
session-14/repository/report.go:34.16,36.3 1 0
session-14/repository/report.go:38.2,40.18 3 1
session-14/repository/report.go:40.18,42.17 2 1
session-14/repository/report.go:42.17,44.4 1 0
session-14/repository/report.go:45.3,45.48 1 1
session-14/repository/report.go:48.2,48.27 1 1
session-14/repository/report.go:51.95,77.16 3 0
session-14/repository/report.go:77.16,79.3 1 0
session-14/repository/report.go:81.2,83.18 3 0
session-14/repository/report.go:83.18,85.17 2 0
session-14/repository/report.go:85.17,87.4 1 0
session-14/repository/report.go:88.3,88.52 1 0
session-14/repository/report.go:91.2,91.28 1 0
session-14/repository/report.go:94.72,109.16 3 1
session-14/repository/report.go:109.16,111.3 1 0
session-14/repository/report.go:113.2,115.18 3 1
session-14/repository/report.go:115.18,117.17 2 1
session-14/repository/report.go:117.17,119.4 1 0
session-14/repository/report.go:120.3,120.38 1 1
session-14/repository/report.go:123.2,123.23 1 1
session-14/repository/report.go:126.72,135.16 3 0
session-14/repository/report.go:135.16,137.3 1 0
session-14/repository/report.go:139.2,141.18 3 0
session-14/repository/report.go:141.18,143.17 2 0
session-14/repository/report.go:143.17,145.4 1 0
session-14/repository/report.go:146.3,146.38 1 0
session-14/repository/report.go:149.2,149.23 1 0
session-14/repository/template.go:16.55,20.2 1 0
session-14/repository/template.go:22.72,34.16 4 0
session-14/repository/template.go:34.16,36.3 1 0
session-14/repository/template.go:38.2,40.12 3 0
session-14/repository/template.go:43.67,48.16 3 0
session-14/repository/template.go:48.16,50.3 1 0
session-14/repository/template.go:51.2,55.18 3 0
session-14/repository/template.go:55.18,58.17 3 0
session-14/repository/template.go:58.17,60.4 1 0
session-14/repository/template.go:61.3,61.36 1 0
session-14/repository/template.go:64.2,64.23 1 0
session-14/repository/template.go:67.80,79.2 3 0
session-14/repository/template.go:81.54,85.2 3 0
session-14/repository/template.go:87.64,94.16 4 0
session-14/repository/template.go:94.16,96.3 1 0
session-14/repository/template.go:98.2,98.12 1 0
session-14/repository/template.go:98.12,100.3 1 0
session-14/repository/template.go:101.2,101.12 1 0
